This is pdfTeX, Version 3.141592653-2.6-1.40.22 (MiKTeX 21.2) (preloaded format=pdflatex 2021.4.26)  8 DEC 2021 00:29
entering extended mode
**"c:/akman/METU EEE UNDERGRADUATE EDUCATION/3rdTermFall2021/EE213/EE213-Fall2021/EXP5/Experiment5_Tu4_2442366.tex"
(c:/akman/METU EEE UNDERGRADUATE EDUCATION/3rdTermFall2021/EE213/EE213-Fall2021/EXP5/Experiment5_Tu4_2442366.tex
LaTeX2e <2020-10-01> patch level 4
L3 programming layer <2021-02-18> xparse <2020-03-03> (C:\Users\AhmetAkman\AppData\Local\Programs\MiKTeX\tex/latex/base\article.cls
Document Class: article 2020/04/10 v1.4m Standard LaTeX document class
(C:\Users\AhmetAkman\AppData\Local\Programs\MiKTeX\tex/latex/base\size12.clo
File: size12.clo 2020/04/10 v1.4m Standard LaTeX file (size option)
)
\c@part=\count179
\c@section=\count180
\c@subsection=\count181
\c@subsubsection=\count182
\c@paragraph=\count183
\c@subparagraph=\count184
\c@figure=\count185
\c@table=\count186
\abovecaptionskip=\skip47
\belowcaptionskip=\skip48
\bibindent=\dimen138
) (C:\Users\AhmetAkman\AppData\Local\Programs\MiKTeX\tex/latex/latex-tools\tabularx.sty
Package: tabularx 2020/01/15 v2.11c `tabularx' package (DPC)
 (C:\Users\AhmetAkman\AppData\Local\Programs\MiKTeX\tex/latex/latex-tools\array.sty
Package: array 2020/10/01 v2.5c Tabular extension package (FMi)
\col@sep=\dimen139
\ar@mcellbox=\box47
\extrarowheight=\dimen140
\NC@list=\toks15
\extratabsurround=\skip49
\backup@length=\skip50
\ar@cellbox=\box48
)
\TX@col@width=\dimen141
\TX@old@table=\dimen142
\TX@old@col=\dimen143
\TX@target=\dimen144
\TX@delta=\dimen145
\TX@cols=\count187
\TX@ftn=\toks16
) (C:\Users\AhmetAkman\AppData\Local\Programs\MiKTeX\tex/latex/amsmath\amsmath.sty
Package: amsmath 2020/09/23 v2.17i AMS math features
\@mathmargin=\skip51

For additional information on amsmath, use the `?' option.
(C:\Users\AhmetAkman\AppData\Local\Programs\MiKTeX\tex/latex/amsmath\amstext.sty
Package: amstext 2000/06/29 v2.01 AMS text
 (C:\Users\AhmetAkman\AppData\Local\Programs\MiKTeX\tex/latex/amsmath\amsgen.sty
File: amsgen.sty 1999/11/30 v2.0 generic functions
\@emptytoks=\toks17
\ex@=\dimen146
)) (C:\Users\AhmetAkman\AppData\Local\Programs\MiKTeX\tex/latex/amsmath\amsbsy.sty
Package: amsbsy 1999/11/29 v1.2d Bold Symbols
\pmbraise@=\dimen147
) (C:\Users\AhmetAkman\AppData\Local\Programs\MiKTeX\tex/latex/amsmath\amsopn.sty
Package: amsopn 2016/03/08 v2.02 operator names
)
\inf@bad=\count188
LaTeX Info: Redefining \frac on input line 234.
\uproot@=\count189
\leftroot@=\count190
LaTeX Info: Redefining \overline on input line 399.
\classnum@=\count191
\DOTSCASE@=\count192
LaTeX Info: Redefining \ldots on input line 496.
LaTeX Info: Redefining \dots on input line 499.
LaTeX Info: Redefining \cdots on input line 620.
\Mathstrutbox@=\box49
\strutbox@=\box50
\big@size=\dimen148
LaTeX Font Info:    Redeclaring font encoding OML on input line 743.
LaTeX Font Info:    Redeclaring font encoding OMS on input line 744.
\macc@depth=\count193
\c@MaxMatrixCols=\count194
\dotsspace@=\muskip16
\c@parentequation=\count195
\dspbrk@lvl=\count196
\tag@help=\toks18
\row@=\count197
\column@=\count198
\maxfields@=\count199
\andhelp@=\toks19
\eqnshift@=\dimen149
\alignsep@=\dimen150
\tagshift@=\dimen151
\tagwidth@=\dimen152
\totwidth@=\dimen153
\lineht@=\dimen154
\@envbody=\toks20
\multlinegap=\skip52
\multlinetaggap=\skip53
\mathdisplay@stack=\toks21
LaTeX Info: Redefining \[ on input line 2923.
LaTeX Info: Redefining \] on input line 2924.
) (C:\Users\AhmetAkman\AppData\Local\Programs\MiKTeX\tex/latex/float\float.sty
Package: float 2001/11/08 v1.3d Float enhancements (AL)
\c@float@type=\count266
\float@exts=\toks22
\float@box=\box51
\@float@everytoks=\toks23
\@floatcapt=\box52
) (C:\Users\AhmetAkman\AppData\Local\Programs\MiKTeX\tex/latex/pdfpages\pdfpages.sty
Package: pdfpages 2021/03/06 v0.5t Insert pages of external PDF documents (AM)
 (C:\Users\AhmetAkman\AppData\Local\Programs\MiKTeX\tex/latex/base\ifthen.sty
Package: ifthen 2014/09/29 v1.1c Standard LaTeX ifthen package (DPC)
) (C:\Users\AhmetAkman\AppData\Local\Programs\MiKTeX\tex/latex/latex-tools\calc.sty
Package: calc 2017/05/25 v4.3 Infix arithmetic (KKT,FJ)
\calc@Acount=\count267
\calc@Bcount=\count268
\calc@Adimen=\dimen155
\calc@Bdimen=\dimen156
\calc@Askip=\skip54
\calc@Bskip=\skip55
LaTeX Info: Redefining \setlength on input line 80.
LaTeX Info: Redefining \addtolength on input line 81.
\calc@Ccount=\count269
\calc@Cskip=\skip56
) (C:\Users\AhmetAkman\AppData\Local\Programs\MiKTeX\tex/latex/eso-pic\eso-pic.sty
Package: eso-pic 2020/10/14 v3.0a eso-pic (RN)
\ESO@tempdima=\dimen157
\ESO@tempdimb=\dimen158
 (C:\Users\AhmetAkman\AppData\Local\Programs\MiKTeX\tex/latex/graphics\keyval.sty
Package: keyval 2014/10/28 v1.15 key=value parser (DPC)
\KV@toks@=\toks24
) (C:\Users\AhmetAkman\AppData\Local\Programs\MiKTeX\tex/latex/xcolor\xcolor.sty
Package: xcolor 2016/05/11 v2.12 LaTeX color extensions (UK)
 (C:\Users\AhmetAkman\AppData\Local\Programs\MiKTeX\tex/latex/graphics-cfg\color.cfg
File: color.cfg 2016/01/02 v1.6 sample color configuration
)
Package xcolor Info: Driver file: pdftex.def on input line 225.
 (C:\Users\AhmetAkman\AppData\Local\Programs\MiKTeX\tex/latex/graphics-def\pdftex.def
File: pdftex.def 2020/10/05 v1.2a Graphics/color driver for pdftex
)
Package xcolor Info: Model `cmy' substituted by `cmy0' on input line 1348.
Package xcolor Info: Model `hsb' substituted by `rgb' on input line 1352.
Package xcolor Info: Model `RGB' extended on input line 1364.
Package xcolor Info: Model `HTML' substituted by `rgb' on input line 1366.
Package xcolor Info: Model `Hsb' substituted by `hsb' on input line 1367.
Package xcolor Info: Model `tHsb' substituted by `hsb' on input line 1368.
Package xcolor Info: Model `HSB' substituted by `hsb' on input line 1369.
Package xcolor Info: Model `Gray' substituted by `gray' on input line 1370.
Package xcolor Info: Model `wave' substituted by `hsb' on input line 1371.
)) (C:\Users\AhmetAkman\AppData\Local\Programs\MiKTeX\tex/latex/graphics\graphicx.sty
Package: graphicx 2020/09/09 v1.2b Enhanced LaTeX Graphics (DPC,SPQR)
 (C:\Users\AhmetAkman\AppData\Local\Programs\MiKTeX\tex/latex/graphics\graphics.sty
Package: graphics 2020/08/30 v1.4c Standard LaTeX Graphics (DPC,SPQR)
 (C:\Users\AhmetAkman\AppData\Local\Programs\MiKTeX\tex/latex/graphics\trig.sty
Package: trig 2016/01/03 v1.10 sin cos tan (DPC)
) (C:\Users\AhmetAkman\AppData\Local\Programs\MiKTeX\tex/latex/graphics-cfg\graphics.cfg
File: graphics.cfg 2016/06/04 v1.11 sample graphics configuration
)
Package graphics Info: Driver file: pdftex.def on input line 105.
)
\Gin@req@height=\dimen159
\Gin@req@width=\dimen160
)
\AM@pagewidth=\dimen161
\AM@pageheight=\dimen162
\AM@fboxrule=\dimen163
 (C:\Users\AhmetAkman\AppData\Local\Programs\MiKTeX\tex/latex/pdfpages\pppdftex.def
File: pppdftex.def 2021/03/06 v0.5t Pdfpages driver for pdfTeX (AM)
)
\pdfpages@includegraphics@status=\count270
\AM@pagebox=\box53
\AM@global@opts=\toks25
\AM@pagecnt=\count271
\AM@toc@title=\toks26
\c@AM@survey=\count272
\AM@templatesizebox=\box54
) (C:\Users\AhmetAkman\AppData\Local\Programs\MiKTeX\tex/latex/geometry\geometry.sty
Package: geometry 2020/01/02 v5.9 Page Geometry
 (C:\Users\AhmetAkman\AppData\Local\Programs\MiKTeX\tex/generic/iftex\ifvtex.sty
Package: ifvtex 2019/10/25 v1.7 ifvtex legacy package. Use iftex instead.
 (C:\Users\AhmetAkman\AppData\Local\Programs\MiKTeX\tex/generic/iftex\iftex.sty
Package: iftex 2020/03/06 v1.0d TeX engine tests
))
\Gm@cnth=\count273
\Gm@cntv=\count274
\c@Gm@tempcnt=\count275
\Gm@bindingoffset=\dimen164
\Gm@wd@mp=\dimen165
\Gm@odd@mp=\dimen166
\Gm@even@mp=\dimen167
\Gm@layoutwidth=\dimen168
\Gm@layoutheight=\dimen169
\Gm@layouthoffset=\dimen170
\Gm@layoutvoffset=\dimen171
\Gm@dimlist=\toks27
 (C:\Users\AhmetAkman\AppData\Local\Programs\MiKTeX\tex/latex/geometry\geometry.cfg)) (C:\Users\AhmetAkman\AppData\Local\Programs\MiKTeX\tex/latex/cite\cite.sty
LaTeX Info: Redefining \cite on input line 302.
LaTeX Info: Redefining \nocite on input line 332.
Package: cite 2015/02/27  v 5.5
) (C:\Users\AhmetAkman\AppData\Local\Programs\MiKTeX\tex/latex/hyperref\hyperref.sty
Package: hyperref 2021-02-10 v7.00j Hypertext links for LaTeX
 (C:\Users\AhmetAkman\AppData\Local\Programs\MiKTeX\tex/generic/ltxcmds\ltxcmds.sty
Package: ltxcmds 2020-05-10 v1.25 LaTeX kernel commands for general use (HO)
) (C:\Users\AhmetAkman\AppData\Local\Programs\MiKTeX\tex/generic/pdftexcmds\pdftexcmds.sty
Package: pdftexcmds 2020-06-27 v0.33 Utility functions of pdfTeX for LuaTeX (HO)
 (C:\Users\AhmetAkman\AppData\Local\Programs\MiKTeX\tex/generic/infwarerr\infwarerr.sty
Package: infwarerr 2019/12/03 v1.5 Providing info/warning/error messages (HO)
)
Package pdftexcmds Info: \pdf@primitive is available.
Package pdftexcmds Info: \pdf@ifprimitive is available.
Package pdftexcmds Info: \pdfdraftmode found.
) (C:\Users\AhmetAkman\AppData\Local\Programs\MiKTeX\tex/generic/kvsetkeys\kvsetkeys.sty
Package: kvsetkeys 2019/12/15 v1.18 Key value parser (HO)
) (C:\Users\AhmetAkman\AppData\Local\Programs\MiKTeX\tex/generic/kvdefinekeys\kvdefinekeys.sty
Package: kvdefinekeys 2019-12-19 v1.6 Define keys (HO)
) (C:\Users\AhmetAkman\AppData\Local\Programs\MiKTeX\tex/generic/pdfescape\pdfescape.sty
Package: pdfescape 2019/12/09 v1.15 Implements pdfTeX's escape features (HO)
) (C:\Users\AhmetAkman\AppData\Local\Programs\MiKTeX\tex/latex/hycolor\hycolor.sty
Package: hycolor 2020-01-27 v1.10 Color options for hyperref/bookmark (HO)
) (C:\Users\AhmetAkman\AppData\Local\Programs\MiKTeX\tex/latex/letltxmacro\letltxmacro.sty
Package: letltxmacro 2019/12/03 v1.6 Let assignment for LaTeX macros (HO)
) (C:\Users\AhmetAkman\AppData\Local\Programs\MiKTeX\tex/latex/auxhook\auxhook.sty
Package: auxhook 2019-12-17 v1.6 Hooks for auxiliary files (HO)
) (C:\Users\AhmetAkman\AppData\Local\Programs\MiKTeX\tex/latex/kvoptions\kvoptions.sty
Package: kvoptions 2020-10-07 v3.14 Key value format for package options (HO)
)
\@linkdim=\dimen172
\Hy@linkcounter=\count276
\Hy@pagecounter=\count277
 (C:\Users\AhmetAkman\AppData\Local\Programs\MiKTeX\tex/latex/hyperref\pd1enc.def
File: pd1enc.def 2021-02-10 v7.00j Hyperref: PDFDocEncoding definition (HO)
Now handling font encoding PD1 ...
... no UTF-8 mapping file for font encoding PD1
) (C:\Users\AhmetAkman\AppData\Local\Programs\MiKTeX\tex/latex/hyperref\hyperref-langpatches.def
File: hyperref-langpatches.def 2021-02-10 v7.00j Hyperref: patches for babel languages
) (C:\Users\AhmetAkman\AppData\Local\Programs\MiKTeX\tex/generic/intcalc\intcalc.sty
Package: intcalc 2019/12/15 v1.3 Expandable calculations with integers (HO)
) (C:\Users\AhmetAkman\AppData\Local\Programs\MiKTeX\tex/generic/etexcmds\etexcmds.sty
Package: etexcmds 2019/12/15 v1.7 Avoid name clashes with e-TeX commands (HO)
)
\Hy@SavedSpaceFactor=\count278
 (C:\Users\AhmetAkman\AppData\Local\Programs\MiKTeX\tex/latex/hyperref\puenc.def
File: puenc.def 2021-02-10 v7.00j Hyperref: PDF Unicode definition (HO)
Now handling font encoding PU ...
... no UTF-8 mapping file for font encoding PU
)
Package hyperref Info: Option `final' set `true' on input line 4073.
Package hyperref Info: Hyper figures OFF on input line 4192.
Package hyperref Info: Link nesting OFF on input line 4197.
Package hyperref Info: Hyper index ON on input line 4200.
Package hyperref Info: Plain pages OFF on input line 4207.
Package hyperref Info: Backreferencing OFF on input line 4212.
Package hyperref Info: Implicit mode ON; LaTeX internals redefined.
Package hyperref Info: Bookmarks ON on input line 4445.
\c@Hy@tempcnt=\count279
 (C:\Users\AhmetAkman\AppData\Local\Programs\MiKTeX\tex/latex/url\url.sty
\Urlmuskip=\muskip17
Package: url 2013/09/16  ver 3.4  Verb mode for urls, etc.
)
LaTeX Info: Redefining \url on input line 4804.
\XeTeXLinkMargin=\dimen173
 (C:\Users\AhmetAkman\AppData\Local\Programs\MiKTeX\tex/generic/bitset\bitset.sty
Package: bitset 2019/12/09 v1.3 Handle bit-vector datatype (HO)
 (C:\Users\AhmetAkman\AppData\Local\Programs\MiKTeX\tex/generic/bigintcalc\bigintcalc.sty
Package: bigintcalc 2019/12/15 v1.5 Expandable calculations on big integers (HO)
))
\Fld@menulength=\count280
\Field@Width=\dimen174
\Fld@charsize=\dimen175
Package hyperref Info: Hyper figures OFF on input line 6075.
Package hyperref Info: Link nesting OFF on input line 6080.
Package hyperref Info: Hyper index ON on input line 6083.
Package hyperref Info: backreferencing OFF on input line 6090.
Package hyperref Info: Link coloring OFF on input line 6095.
Package hyperref Info: Link coloring with OCG OFF on input line 6100.
Package hyperref Info: PDF/A mode OFF on input line 6105.
LaTeX Info: Redefining \ref on input line 6145.
LaTeX Info: Redefining \pageref on input line 6149.
 (C:\Users\AhmetAkman\AppData\Local\Programs\MiKTeX\tex/latex/base\atbegshi-ltx.sty
Package: atbegshi-ltx 2020/08/17 v1.0a Emulation of the original atbegshi package
with kernel methods
)
\Hy@abspage=\count281
\c@Item=\count282
\c@Hfootnote=\count283
)
Package hyperref Info: Driver (autodetected): hpdftex.
 (C:\Users\AhmetAkman\AppData\Local\Programs\MiKTeX\tex/latex/hyperref\hpdftex.def
File: hpdftex.def 2021-02-10 v7.00j Hyperref driver for pdfTeX
 (C:\Users\AhmetAkman\AppData\Local\Programs\MiKTeX\tex/latex/base\atveryend-ltx.sty
Package: atveryend-ltx 2020/08/19 v1.0a Emulation of the original atvery package
with kernel methods
)
\Fld@listcount=\count284
\c@bookmark@seq@number=\count285
 (C:\Users\AhmetAkman\AppData\Local\Programs\MiKTeX\tex/latex/rerunfilecheck\rerunfilecheck.sty
Package: rerunfilecheck 2019/12/05 v1.9 Rerun checks for auxiliary files (HO)
 (C:\Users\AhmetAkman\AppData\Local\Programs\MiKTeX\tex/generic/uniquecounter\uniquecounter.sty
Package: uniquecounter 2019/12/15 v1.4 Provide unlimited unique counter (HO)
)
Package uniquecounter Info: New unique counter `rerunfilecheck' on input line 286.
)
\Hy@SectionHShift=\skip57
)
Package hyperref Info: Option `colorlinks' set `true' on input line 18.
 (C:\Users\AhmetAkman\AppData\Local\Programs\MiKTeX\tex/latex/l3backend\l3backend-pdftex.def
File: l3backend-pdftex.def 2021-02-18 L3 backend support: PDF output (pdfTeX)
\l__color_backend_stack_int=\count286
\l__pdf_internal_box=\box55
) (Experiment5_Tu4_2442366.aux)
\openout1 = `Experiment5_Tu4_2442366.aux'.

LaTeX Font Info:    Checking defaults for OML/cmm/m/it on input line 24.
LaTeX Font Info:    ... okay on input line 24.
LaTeX Font Info:    Checking defaults for OMS/cmsy/m/n on input line 24.
LaTeX Font Info:    ... okay on input line 24.
LaTeX Font Info:    Checking defaults for OT1/cmr/m/n on input line 24.
LaTeX Font Info:    ... okay on input line 24.
LaTeX Font Info:    Checking defaults for T1/cmr/m/n on input line 24.
LaTeX Font Info:    ... okay on input line 24.
LaTeX Font Info:    Checking defaults for TS1/cmr/m/n on input line 24.
LaTeX Font Info:    ... okay on input line 24.
LaTeX Font Info:    Checking defaults for OMX/cmex/m/n on input line 24.
LaTeX Font Info:    ... okay on input line 24.
LaTeX Font Info:    Checking defaults for U/cmr/m/n on input line 24.
LaTeX Font Info:    ... okay on input line 24.
LaTeX Font Info:    Checking defaults for PD1/pdf/m/n on input line 24.
LaTeX Font Info:    ... okay on input line 24.
LaTeX Font Info:    Checking defaults for PU/pdf/m/n on input line 24.
LaTeX Font Info:    ... okay on input line 24.
 (C:\Users\AhmetAkman\AppData\Local\Programs\MiKTeX\tex/context/base/mkii\supp-pdf.mkii
[Loading MPS to PDF converter (version 2006.09.02).]
\scratchcounter=\count287
\scratchdimen=\dimen176
\scratchbox=\box56
\nofMPsegments=\count288
\nofMParguments=\count289
\everyMPshowfont=\toks28
\MPscratchCnt=\count290
\MPscratchDim=\dimen177
\MPnumerator=\count291
\makeMPintoPDFobject=\count292
\everyMPtoPDFconversion=\toks29
) (C:\Users\AhmetAkman\AppData\Local\Programs\MiKTeX\tex/latex/epstopdf-pkg\epstopdf-base.sty
Package: epstopdf-base 2020-01-24 v2.11 Base part for package epstopdf
Package epstopdf-base Info: Redefining graphics rule for `.eps' on input line 485.
) (C:\Users\AhmetAkman\AppData\Local\Programs\MiKTeX\tex/latex/pdflscape\pdflscape.sty
Package: pdflscape 2019/12/05 v0.12 Display of landscape pages in PDF (HO)
 (C:\Users\AhmetAkman\AppData\Local\Programs\MiKTeX\tex/latex/graphics\lscape.sty
Package: lscape 2020/05/28 v3.02 Landscape Pages (DPC)
)
Package pdflscape Info: Auto-detected driver: pdftex on input line 81.
)
*geometry* driver: auto-detecting
*geometry* detected driver: pdftex
*geometry* verbose mode - [ preamble ] result:
* driver: pdftex
* paper: letterpaper
* layout: <same size as paper>
* layoutoffset:(h,v)=(0.0pt,0.0pt)
* modes: 
* h-part:(L,W,R)=(72.26999pt, 469.75502pt, 72.26999pt)
* v-part:(T,H,B)=(72.26999pt, 650.43001pt, 72.26999pt)
* \paperwidth=614.295pt
* \paperheight=794.96999pt
* \textwidth=469.75502pt
* \textheight=650.43001pt
* \oddsidemargin=0.0pt
* \evensidemargin=0.0pt
* \topmargin=-37.0pt
* \headheight=12.0pt
* \headsep=25.0pt
* \topskip=12.0pt
* \footskip=30.0pt
* \marginparwidth=44.0pt
* \marginparsep=10.0pt
* \columnsep=10.0pt
* \skip\footins=10.8pt plus 4.0pt minus 2.0pt
* \hoffset=0.0pt
* \voffset=0.0pt
* \mag=1000
* \@twocolumnfalse
* \@twosidefalse
* \@mparswitchfalse
* \@reversemarginfalse
* (1in=72.27pt=25.4mm, 1cm=28.453pt)

Package hyperref Info: Link coloring ON on input line 24.
(C:\Users\AhmetAkman\AppData\Local\Programs\MiKTeX\tex/latex/hyperref\nameref.sty
Package: nameref 2021-04-02 v2.47 Cross-referencing by name of section
 (C:\Users\AhmetAkman\AppData\Local\Programs\MiKTeX\tex/latex/refcount\refcount.sty
Package: refcount 2019/12/15 v3.6 Data extraction from label references (HO)
) (C:\Users\AhmetAkman\AppData\Local\Programs\MiKTeX\tex/generic/gettitlestring\gettitlestring.sty
Package: gettitlestring 2019/12/15 v1.6 Cleanup title references (HO)
)
\c@section@level=\count293
)
LaTeX Info: Redefining \ref on input line 24.
LaTeX Info: Redefining \pageref on input line 24.
LaTeX Info: Redefining \nameref on input line 24.
 (Experiment5_Tu4_2442366.out) (Experiment5_Tu4_2442366.out)
\@outlinefile=\write3
\openout3 = `Experiment5_Tu4_2442366.out'.

 [1

{C:/Users/AhmetAkman/AppData/Local/MiKTeX/pdftex/config/pdftex.map}] (Experiment5_Tu4_2442366.toc)
\tf@toc=\write4
\openout4 = `Experiment5_Tu4_2442366.toc'.

 [2]
<./figures//circuit1.png, id=76, 582.978pt x 461.3235pt>
File: ./figures//circuit1.png Graphic file (type png)
<use ./figures//circuit1.png>
Package pdftex.def Info: ./figures//circuit1.png  used on input line 50.
(pdftex.def)             Requested size: 187.89914pt x 148.68945pt.
<./figures//e_1_a.png, id=77, 1445.4pt x 704.6325pt>
File: ./figures//e_1_a.png Graphic file (type png)
<use ./figures//e_1_a.png>
Package pdftex.def Info: ./figures//e_1_a.png  used on input line 57.
(pdftex.def)             Requested size: 469.75502pt x 229.00285pt.
 [3 <./figures//circuit1.png>]

pdfTeX warning: pdflatex (file ./figures//BasicComparator_SCH.pdf): PDF inclusion: found PDF version <1.7>, but at most version <1.5> allowed
<./figures//BasicComparator_SCH.pdf, id=86, 372.19052pt x 294.8616pt>
File: ./figures//BasicComparator_SCH.pdf Graphic file (type pdf)
<use ./figures//BasicComparator_SCH.pdf>
Package pdftex.def Info: ./figures//BasicComparator_SCH.pdf  used on input line 66.
(pdftex.def)             Requested size: 375.80544pt x 297.72687pt.
[4 <./figures//e_1_a.png (PNG copy)>]
<./figures//3a_vs_vin.png, id=92, 1445.4pt x 704.6325pt>
File: ./figures//3a_vs_vin.png Graphic file (type png)
<use ./figures//3a_vs_vin.png>
Package pdftex.def Info: ./figures//3a_vs_vin.png  used on input line 73.
(pdftex.def)             Requested size: 469.75502pt x 229.00285pt.
 [5 <./figures//BasicComparator_SCH.pdf> <./figures//3a_vs_vin.png (PNG copy)>]
<./figures//circuit2.png, id=106, 572.1375pt x 461.3235pt>
File: ./figures//circuit2.png Graphic file (type png)
<use ./figures//circuit2.png>
Package pdftex.def Info: ./figures//circuit2.png  used on input line 84.
(pdftex.def)             Requested size: 187.89914pt x 151.50514pt.
<./figures//e_1_b.png, id=107, 1445.4pt x 704.6325pt>
File: ./figures//e_1_b.png Graphic file (type png)
<use ./figures//e_1_b.png>
Package pdftex.def Info: ./figures//e_1_b.png  used on input line 91.
(pdftex.def)             Requested size: 469.75502pt x 229.00285pt.
 [6 <./figures//circuit2.png> <./figures//e_1_b.png (PNG copy)>]

pdfTeX warning: pdflatex (file ./figures//Buffer_SCH.pdf): PDF inclusion: found PDF version <1.7>, but at most version <1.5> allowed
<./figures//Buffer_SCH.pdf, id=114, 845.07724pt x 597.55246pt>
File: ./figures//Buffer_SCH.pdf Graphic file (type pdf)
<use ./figures//Buffer_SCH.pdf>
Package pdftex.def Info: ./figures//Buffer_SCH.pdf  used on input line 100.
(pdftex.def)             Requested size: 375.80544pt x 265.73221pt.
<./figures//3b_vs_vin.png, id=115, 1445.4pt x 704.6325pt>
File: ./figures//3b_vs_vin.png Graphic file (type png)
<use ./figures//3b_vs_vin.png>
Package pdftex.def Info: ./figures//3b_vs_vin.png  used on input line 107.
(pdftex.def)             Requested size: 469.75502pt x 229.00285pt.
[7 <./figures//Buffer_SCH.pdf>]
<./figures//circuit4.png, id=134, 932.283pt x 570.33075pt>
File: ./figures//circuit4.png Graphic file (type png)
<use ./figures//circuit4.png>
Package pdftex.def Info: ./figures//circuit4.png  used on input line 119.
(pdftex.def)             Requested size: 281.85587pt x 172.43202pt.
<./figures//e_1_c.png, id=135, 1445.4pt x 704.6325pt>
File: ./figures//e_1_c.png Graphic file (type png)
<use ./figures//e_1_c.png>
Package pdftex.def Info: ./figures//e_1_c.png  used on input line 127.
(pdftex.def)             Requested size: 469.75502pt x 229.00285pt.
 [8 <./figures//3b_vs_vin.png (PNG copy)> <./figures//circuit4.png>]

pdfTeX warning: pdflatex (file ./figures//non-inverting_SCH.pdf): PDF inclusion: found PDF version <1.7>, but at most version <1.5> allowed
<./figures//non-inverting_SCH.pdf, id=142, 845.07724pt x 597.55246pt>
File: ./figures//non-inverting_SCH.pdf Graphic file (type pdf)
<use ./figures//non-inverting_SCH.pdf>
Package pdftex.def Info: ./figures//non-inverting_SCH.pdf  used on input line 135.
(pdftex.def)             Requested size: 375.80544pt x 265.73221pt.
[9 <./figures//e_1_c.png (PNG copy)>]
<./figures//3d_vs_vin.png, id=148, 1445.4pt x 704.6325pt>
File: ./figures//3d_vs_vin.png Graphic file (type png)
<use ./figures//3d_vs_vin.png>
Package pdftex.def Info: ./figures//3d_vs_vin.png  used on input line 143.
(pdftex.def)             Requested size: 469.75502pt x 229.00285pt.
 [10 <./figures//non-inverting_SCH.pdf> <./figures//3d_vs_vin.png (PNG copy)>]
<./figures//circuit3.png, id=172, 914.81775pt x 402.303pt>
File: ./figures//circuit3.png Graphic file (type png)
<use ./figures//circuit3.png>
Package pdftex.def Info: ./figures//circuit3.png  used on input line 154.
(pdftex.def)             Requested size: 281.85587pt x 123.9453pt.
<./figures//e_2.png, id=173, 1445.4pt x 704.6325pt>
File: ./figures//e_2.png Graphic file (type png)
<use ./figures//e_2.png>
Package pdftex.def Info: ./figures//e_2.png  used on input line 161.
(pdftex.def)             Requested size: 469.75502pt x 229.00285pt.
 [11 <./figures//circuit3.png> <./figures//e_2.png (PNG copy)>]

pdfTeX warning: pdflatex (file ./figures//Inverting_SCH.pdf): PDF inclusion: found PDF version <1.7>, but at most version <1.5> allowed
<./figures//Inverting_SCH.pdf, id=180, 845.07724pt x 597.55246pt>
File: ./figures//Inverting_SCH.pdf Graphic file (type pdf)
<use ./figures//Inverting_SCH.pdf>
Package pdftex.def Info: ./figures//Inverting_SCH.pdf  used on input line 174.
(pdftex.def)             Requested size: 469.75502pt x 332.16525pt.
<./figures//3c_vs_vin.png, id=181, 1445.4pt x 704.6325pt>
File: ./figures//3c_vs_vin.png Graphic file (type png)
<use ./figures//3c_vs_vin.png>
Package pdftex.def Info: ./figures//3c_vs_vin.png  used on input line 181.
(pdftex.def)             Requested size: 469.75502pt x 229.00285pt.
[12 <./figures//Inverting_SCH.pdf>]
<./figures//circuit5.png, id=200, 1093.686pt x 483.60675pt>
File: ./figures//circuit5.png Graphic file (type png)
<use ./figures//circuit5.png>
Package pdftex.def Info: ./figures//circuit5.png  used on input line 191.
(pdftex.def)             Requested size: 281.85587pt x 124.6279pt.
<./figures//voltage_divider.png, id=201, 236.68425pt x 243.309pt>
File: ./figures//voltage_divider.png Graphic file (type png)
<use ./figures//voltage_divider.png>
Package pdftex.def Info: ./figures//voltage_divider.png  used on input line 198.
(pdftex.def)             Requested size: 281.85587pt x 289.7752pt.
 [13 <./figures//3c_vs_vin.png (PNG copy)> <./figures//circuit5.png>]
<./figures//e_3_a.png, id=209, 1445.4pt x 704.6325pt>
File: ./figures//e_3_a.png Graphic file (type png)
<use ./figures//e_3_a.png>
Package pdftex.def Info: ./figures//e_3_a.png  used on input line 209.
(pdftex.def)             Requested size: 469.75502pt x 229.00285pt.
 [14 <./figures//voltage_divider.png>]
<./figures//e_3_b.png, id=216, 1445.4pt x 704.6325pt>
File: ./figures//e_3_b.png Graphic file (type png)
<use ./figures//e_3_b.png>
Package pdftex.def Info: ./figures//e_3_b.png  used on input line 220.
(pdftex.def)             Requested size: 469.75502pt x 229.00285pt.
 [15 <./figures//e_3_a.png (PNG copy)>]

pdfTeX warning: pdflatex (file ./figures//summing_SCH.pdf): PDF inclusion: found PDF version <1.7>, but at most version <1.5> allowed
<./figures//summing_SCH.pdf, id=222, 845.07724pt x 597.55246pt>
File: ./figures//summing_SCH.pdf Graphic file (type pdf)
<use ./figures//summing_SCH.pdf>
Package pdftex.def Info: ./figures//summing_SCH.pdf  used on input line 229.
(pdftex.def)             Requested size: 375.80544pt x 265.73221pt.
<./figures//4a_vs_t.png, id=223, 1445.4pt x 704.6325pt>
File: ./figures//4a_vs_t.png Graphic file (type png)
<use ./figures//4a_vs_t.png>
Package pdftex.def Info: ./figures//4a_vs_t.png  used on input line 235.
(pdftex.def)             Requested size: 469.75502pt x 229.00285pt.
[16 <./figures//e_3_b.png (PNG copy)> <./figures//summing_SCH.pdf>] [17 <./figures//4a_vs_t.png (PNG copy)>] [18] (Experiment5_Tu4_2442366.aux)
Package rerunfilecheck Info: File `Experiment5_Tu4_2442366.out' has not changed.
(rerunfilecheck)             Checksum: 2F9D8BB9963BCDD81B9D6F9BD211624A;1249.
 ) 
Here is how much of TeX's memory you used:
 10498 strings out of 479334
 157736 string characters out of 2854709
 466664 words of memory out of 3000000
 27726 multiletter control sequences out of 15000+200000
 410060 words of font info for 50 fonts, out of 3000000 for 9000
 1141 hyphenation exceptions out of 8191
 83i,7n,88p,779b,351s stack positions out of 5000i,500n,10000p,200000b,50000s
 <C:\Users\AhmetAkman\AppData\Local\MiKTeX\fonts/pk/ljfour/jknappen/ec/dpi600\tcrm1200.pk><C:/Users/AhmetAkman/AppData/Local/Programs/MiKTeX/fonts/type1/public/amsfonts/cm/cmbx12.pfb><C:/Users/AhmetAkman/AppData/Local/Programs/MiKTeX/fonts/type1/public/amsfonts/cm/cmmi12.pfb><C:/Users/AhmetAkman/AppData/Local/Programs/MiKTeX/fonts/type1/public/amsfonts/cm/cmmi8.pfb><C:/Users/AhmetAkman/AppData/Local/Programs/MiKTeX/fonts/type1/public/amsfonts/cm/cmr12.pfb><C:/Users/AhmetAkman/AppData/Local/Programs/MiKTeX/fonts/type1/public/amsfonts/cm/cmr17.pfb><C:/Users/AhmetAkman/AppData/Local/Programs/MiKTeX/fonts/type1/public/amsfonts/cm/cmr6.pfb><C:/Users/AhmetAkman/AppData/Local/Programs/MiKTeX/fonts/type1/public/amsfonts/cm/cmr8.pfb><C:/Users/AhmetAkman/AppData/Local/Programs/MiKTeX/fonts/type1/public/amsfonts/cm/cmsy10.pfb>
Output written on Experiment5_Tu4_2442366.pdf (18 pages, 1289926 bytes).
PDF statistics:
 304 PDF objects out of 1000 (max. 8388607)
 56 named destinations out of 1000 (max. 500000)
 207 words of extra memory for PDF output out of 10000 (max. 10000000)

