\BOOKMARK [1][-]{section.1}{\376\377\000I\000n\000t\000r\000o\000d\000u\000c\000t\000i\000o\000n}{}% 1
\BOOKMARK [1][-]{section.2}{\376\377\000E\000x\000p\000e\000r\000i\000m\000e\000n\000t\000a\000l\000\040\000R\000e\000s\000u\000l\000t\000s}{}% 2
\BOOKMARK [2][-]{subsection.2.1}{\376\377\000S\000t\000e\000p\000\040\0001}{section.2}% 3
\BOOKMARK [3][-]{subsubsection.2.1.1}{\376\377\000a\000\051}{subsection.2.1}% 4
\BOOKMARK [4][-]{paragraph.2.1.1.1}{\376\377\000C\000o\000m\000p\000a\000r\000i\000s\000o\000n\000\040\000w\000i\000t\000h\000\040\000t\000h\000e\000\040\000s\000i\000m\000u\000l\000a\000t\000i\000o\000n\000\040\000r\000e\000s\000u\000l\000t\000s}{subsubsection.2.1.1}% 5
\BOOKMARK [3][-]{subsubsection.2.1.2}{\376\377\000b\000\051}{subsection.2.1}% 6
\BOOKMARK [4][-]{paragraph.2.1.2.1}{\376\377\000C\000o\000m\000p\000a\000r\000i\000s\000o\000n\000\040\000w\000i\000t\000h\000\040\000t\000h\000e\000\040\000s\000i\000m\000u\000l\000a\000t\000i\000o\000n\000\040\000r\000e\000s\000u\000l\000t\000s}{subsubsection.2.1.2}% 7
\BOOKMARK [3][-]{subsubsection.2.1.3}{\376\377\000c\000\051}{subsection.2.1}% 8
\BOOKMARK [2][-]{subsection.2.2}{\376\377\000S\000t\000e\000p\000\040\0002}{section.2}% 9
\BOOKMARK [3][-]{subsubsection.2.2.1}{\376\377\000C\000o\000m\000p\000a\000r\000i\000s\000o\000n\000\040\000w\000i\000t\000h\000\040\000t\000h\000e\000\040\000s\000i\000m\000u\000l\000a\000t\000i\000o\000n\000\040\000r\000e\000s\000u\000l\000t\000s}{subsection.2.2}% 10
\BOOKMARK [2][-]{subsection.2.3}{\376\377\000S\000t\000e\000p\000\040\0003}{section.2}% 11
\BOOKMARK [3][-]{subsubsection.2.3.1}{\376\377\000a\000\051}{subsection.2.3}% 12
\BOOKMARK [3][-]{subsubsection.2.3.2}{\376\377\000b\000\051}{subsection.2.3}% 13
\BOOKMARK [3][-]{subsubsection.2.3.3}{\376\377\000c\000\051}{subsection.2.3}% 14
\BOOKMARK [2][-]{subsection.2.4}{\376\377\000S\000t\000e\000p\000\040\0004}{section.2}% 15
\BOOKMARK [3][-]{subsubsection.2.4.1}{\376\377\000a\000\051}{subsection.2.4}% 16
\BOOKMARK [3][-]{subsubsection.2.4.2}{\376\377\000b\000\051}{subsection.2.4}% 17
\BOOKMARK [3][-]{subsubsection.2.4.3}{\376\377\000c\000\051}{subsection.2.4}% 18
\BOOKMARK [2][-]{subsection.2.5}{\376\377\000S\000t\000e\000p\000\040\0005}{section.2}% 19
\BOOKMARK [1][-]{section.3}{\376\377\000C\000o\000n\000c\000l\000u\000s\000i\000o\000n}{}% 20
