\BOOKMARK [1][-]{section.1}{\376\377\000I\000n\000t\000r\000o\000d\000u\000c\000t\000i\000o\000n}{}% 1
\BOOKMARK [1][-]{section.2}{\376\377\000E\000x\000p\000e\000r\000i\000m\000e\000n\000t\000a\000l\000\040\000R\000e\000s\000u\000l\000t\000s}{}% 2
\BOOKMARK [2][-]{subsection.2.1}{\376\377\000S\000t\000e\000p\000\040\0001}{section.2}% 3
\BOOKMARK [2][-]{subsection.2.2}{\376\377\000S\000t\000e\000p\000\040\0002}{section.2}% 4
\BOOKMARK [3][-]{subsubsection.2.2.1}{\376\377\000a\000.}{subsection.2.2}% 5
\BOOKMARK [3][-]{subsubsection.2.2.2}{\376\377\000b\000.}{subsection.2.2}% 6
\BOOKMARK [2][-]{subsection.2.3}{\376\377\000S\000t\000e\000p\000\040\0003}{section.2}% 7
\BOOKMARK [2][-]{subsection.2.4}{\376\377\000S\000t\000e\000p\000\040\0004}{section.2}% 8
\BOOKMARK [3][-]{subsubsection.2.4.1}{\376\377\000a\000.}{subsection.2.4}% 9
\BOOKMARK [3][-]{subsubsection.2.4.2}{\376\377\000b\000.}{subsection.2.4}% 10
\BOOKMARK [3][-]{subsubsection.2.4.3}{\376\377\000c\000.}{subsection.2.4}% 11
\BOOKMARK [2][-]{subsection.2.5}{\376\377\000S\000t\000e\000p\000\040\0005}{section.2}% 12
\BOOKMARK [3][-]{subsubsection.2.5.1}{\376\377\000a\000.}{subsection.2.5}% 13
\BOOKMARK [3][-]{subsubsection.2.5.2}{\376\377\000b\000.}{subsection.2.5}% 14
\BOOKMARK [2][-]{subsection.2.6}{\376\377\000S\000t\000e\000p\000\040\0006}{section.2}% 15
\BOOKMARK [3][-]{subsubsection.2.6.1}{\376\377\000a\000.}{subsection.2.6}% 16
\BOOKMARK [3][-]{subsubsection.2.6.2}{\376\377\000b\000.}{subsection.2.6}% 17
\BOOKMARK [2][-]{subsection.2.7}{\376\377\000S\000t\000e\000p\000\040\0007}{section.2}% 18
\BOOKMARK [2][-]{subsection.2.8}{\376\377\000S\000t\000e\000p\000\040\0008}{section.2}% 19
\BOOKMARK [3][-]{subsubsection.2.8.1}{\376\377\000a\000.}{subsection.2.8}% 20
\BOOKMARK [3][-]{subsubsection.2.8.2}{\376\377\000b\000.}{subsection.2.8}% 21
\BOOKMARK [3][-]{subsubsection.2.8.3}{\376\377\000c\000.}{subsection.2.8}% 22
\BOOKMARK [2][-]{subsection.2.9}{\376\377\000S\000t\000e\000p\000\040\0009}{section.2}% 23
\BOOKMARK [3][-]{subsubsection.2.9.1}{\376\377\000a\000.}{subsection.2.9}% 24
\BOOKMARK [3][-]{subsubsection.2.9.2}{\376\377\000b\000.}{subsection.2.9}% 25
\BOOKMARK [1][-]{section.3}{\376\377\000C\000o\000n\000c\000l\000u\000s\000i\000o\000n}{}% 26
